#
# A fatal error has been detected by the Java Runtime Environment:
#
#  Internal Error (oopMapCache.cpp:110), pid=7247, tid=23555
#  Error: ShouldNotReachHere()
#
# JRE version: Java(TM) SE Runtime Environment (13.0+33) (build 13+33)
# Java VM: Java HotSpot(TM) 64-Bit Server VM (13+33, mixed mode, sharing, tiered, compressed oops, g1 gc, bsd-amd64)
# No core dump will be written. Core dumps have been disabled. To enable core dumping, try "ulimit -c unlimited" before starting Java again
#
# If you would like to submit a bug report, please visit:
#   http://bugreport.java.com/bugreport/crash.jsp
#

---------------  S U M M A R Y ------------

Command Line: -agentlib:jdwp=transport=dt_socket,suspend=y,address=localhost:64972 -ea -javaagent:/Applications/Eclipse.app/Contents/Eclipse/configuration/org.eclipse.osgi/771/0/.cp/lib/javaagent-shaded.jar -Dfile.encoding=UTF-8 org.eclipse.jdt.internal.junit.runner.RemoteTestRunner -version 3 -port 64971 -testLoaderClass org.eclipse.jdt.internal.junit4.runner.JUnit4TestLoader -loaderpluginname org.eclipse.jdt.junit4.runtime -classNames testrunners.TestRunner

Host: MacBookPro14,1 x86_64 2300 MHz, 4 cores, 8G, Darwin 19.3.0
Time: Thu Mar 26 07:09:36 2020 +03 elapsed time: 392 seconds (0d 0h 6m 32s)

---------------  T H R E A D  ---------------

Current thread (0x00007f9387814800):  JavaThread "JDWP Transport Listener: dt_socket" daemon [_thread_in_vm, id=23555, stack(0x00007000078c1000,0x00007000079c1000)] _threads_hazard_ptr=0x00007f93875a7680

Stack: [0x00007000078c1000,0x00007000079c1000],  sp=0x00007000079c02d0,  free space=1020k
Native frames: (J=compiled Java code, A=aot compiled Java code, j=interpreted, Vv=VM code, C=native code)
V  [libjvm.dylib+0x780b15]  _ZN7VMError14report_and_dieEiPKcS1_P13__va_list_tagP6ThreadPhPvS7_S1_im+0x671
V  [libjvm.dylib+0x781105]  _ZN7VMError14report_and_dieEP6ThreadPvPKciS4_S4_P13__va_list_tag+0x47
V  [libjvm.dylib+0x25e61c]  _Z15report_vm_errorPKciS0_S0_z+0xa9
V  [libjvm.dylib+0x61dbdc]  _ZN19OopMapForCacheEntry11compute_mapEP6Thread+0x7e
V  [libjvm.dylib+0x61e394]  _ZN16OopMapCacheEntry4fillERK12methodHandlei+0xac
V  [libjvm.dylib+0x61ecc5]  _ZN11OopMapCache19compute_one_oop_mapERK12methodHandleiP17InterpreterOopMap+0x5d
V  [libjvm.dylib+0x5e777c]  _ZN6Method8mask_forEiP17InterpreterOopMap+0x7e
V  [libjvm.dylib+0x776712]  _ZNK17interpretedVFrame10stack_dataEb+0x48
V  [libjvm.dylib+0x4ff215]  _ZN16VM_GetOrSetLocal22check_slot_type_no_lvtEP10javaVFrame+0x4d
V  [libjvm.dylib+0x4ff2c3]  _ZN16VM_GetOrSetLocal13doit_prologueEv+0x4f
V  [libjvm.dylib+0x789800]  _ZN8VMThread7executeEP12VM_Operation+0x13e
V  [libjvm.dylib+0x4eb466]  _ZN8JvmtiEnv14GetLocalObjectEP10JavaThreadiiPP8_jobject+0x54
V  [libjvm.dylib+0x4ad7bb]  _ZL20jvmti_GetLocalObjectP9_jvmtiEnvP8_jobjectiiPS2_+0x157
C  [libjdwp.dylib+0x75dc]  thisObject+0x1ac
C  [libjdwp.dylib+0xece9]  debugLoop_run+0x1f1
C  [libjdwp.dylib+0x1fe0c]  attachThread+0x4c
V  [libjvm.dylib+0x4fdd26]  _ZN16JvmtiAgentThread19call_start_functionEv+0x38
V  [libjvm.dylib+0x730070]  _ZN10JavaThread17thread_main_innerEv+0x86
V  [libjvm.dylib+0x72feae]  _ZN10JavaThread3runEv+0x124
V  [libjvm.dylib+0x72dccd]  _ZN6Thread8call_runEv+0x71
V  [libjvm.dylib+0x626605]  _ZL19thread_native_entryP6Thread+0x132
C  [libsystem_pthread.dylib+0x5e65]  _pthread_start+0x94
C  [libsystem_pthread.dylib+0x183b]  thread_start+0xf


---------------  P R O C E S S  ---------------

Threads class SMR info:
_java_thread_list=0x00007f93875a7680, length=13, elements={
0x00007f9389001800, 0x00007f9388001800, 0x00007f9388004800, 0x00007f938905e800,
0x00007f9389061800, 0x00007f9389062000, 0x00007f9389063000, 0x00007f9388002000,
0x00007f9387814800, 0x00007f9388022000, 0x00007f9388022800, 0x00007f9388925000,
0x00007f9388945800
}

Java Threads: ( => current thread )
  0x00007f9389001800 JavaThread "main" [_thread_blocked, id=9987, stack(0x000070000690e000,0x0000700006a0e000)]
  0x00007f9388001800 JavaThread "Reference Handler" daemon [_thread_blocked, id=17411, stack(0x0000700007023000,0x0000700007123000)]
  0x00007f9388004800 JavaThread "Finalizer" daemon [_thread_blocked, id=16899, stack(0x0000700007126000,0x0000700007226000)]
  0x00007f938905e800 JavaThread "Signal Dispatcher" daemon [_thread_blocked, id=43267, stack(0x00007000073b2000,0x00007000074b2000)]
  0x00007f9389061800 JavaThread "C2 CompilerThread0" daemon [_thread_blocked, id=42755, stack(0x00007000074b5000,0x00007000075b5000)]
  0x00007f9389062000 JavaThread "C1 CompilerThread0" daemon [_thread_blocked, id=22275, stack(0x00007000075b8000,0x00007000076b8000)]
  0x00007f9389063000 JavaThread "Sweeper thread" daemon [_thread_blocked, id=22531, stack(0x00007000076bb000,0x00007000077bb000)]
  0x00007f9388002000 JavaThread "Common-Cleaner" daemon [_thread_blocked, id=23299, stack(0x00007000077be000,0x00007000078be000)]
=>0x00007f9387814800 JavaThread "JDWP Transport Listener: dt_socket" daemon [_thread_in_vm, id=23555, stack(0x00007000078c1000,0x00007000079c1000)] _threads_hazard_ptr=0x00007f93875a7680
  0x00007f9388022000 JavaThread "JDWP Event Helper Thread" daemon [_thread_blocked, id=40963, stack(0x00007000079c4000,0x0000700007ac4000)]
  0x00007f9388022800 JavaThread "JDWP Command Reader" daemon [_thread_in_native, id=24323, stack(0x0000700007ac7000,0x0000700007bc7000)]
  0x00007f9388925000 JavaThread "Service Thread" daemon [_thread_blocked, id=25091, stack(0x0000700007ccd000,0x0000700007dcd000)]
  0x00007f9388945800 JavaThread "ReaderThread" [_thread_in_native, id=26115, stack(0x0000700007ed3000,0x0000700007fd3000)]

Other Threads:
  0x00007f9388869000 VMThread "VM Thread" [stack: 0x0000700006f20000,0x0000700007020000] [id=13059]
  0x00007f9388928000 WatcherThread [stack: 0x0000700007dd0000,0x0000700007ed0000] [id=25603]
  0x00007f9388834800 GCTaskThread "GC Thread#0" [stack: 0x0000700006a11000,0x0000700006b11000] [id=11011]
  0x00007f9387813800 GCTaskThread "GC Thread#1" [stack: 0x0000700007fd6000,0x00007000080d6000] [id=26371]
  0x00007f93878cc800 GCTaskThread "GC Thread#2" [stack: 0x00007000080d9000,0x00007000081d9000] [id=26627]
  0x00007f938897e000 GCTaskThread "GC Thread#3" [stack: 0x00007000081dc000,0x00007000082dc000] [id=38659]
  0x00007f9388845800 ConcurrentGCThread "G1 Main Marker" [stack: 0x0000700006b14000,0x0000700006c14000] [id=11267]
  0x00007f9388846000 ConcurrentGCThread "G1 Conc#0" [stack: 0x0000700006c17000,0x0000700006d17000] [id=12035]
  0x00007f938905a000 ConcurrentGCThread "G1 Refine#0" [stack: 0x0000700006d1a000,0x0000700006e1a000] [id=19459]
  0x00007f938905a800 ConcurrentGCThread "G1 Young RemSet Sampling" [stack: 0x0000700006e1d000,0x0000700006f1d000] [id=12291]

Threads with active compile tasks:

VM state:not at safepoint (normal execution)

VM Mutex/Monitor currently owned by a thread: None

Heap address: 0x0000000780000000, size: 2048 MB, Compressed Oops mode: Zero based, Oop shift amount: 3
Narrow klass base: 0x0000000800000000, Narrow klass shift: 3
Compressed class space size: 1073741824 Address: 0x0000000800ae9000

Heap:
 garbage-first heap   total 133120K, used 36126K [0x0000000780000000, 0x0000000800000000)
  region size 1024K, 36 young (36864K), 2 survivors (2048K)
 Metaspace       used 7791K, capacity 8230K, committed 8448K, reserved 1056768K
  class space    used 916K, capacity 993K, committed 1024K, reserved 1048576K
Heap Regions: E=young(eden), S=young(survivor), O=old, HS=humongous(starts), HC=humongous(continues), CS=collection set, F=free, A=archive, TAMS=top-at-mark-start (previous, next)
|   0|0x0000000780000000, 0x0000000780000000, 0x0000000780100000|  0%| F|  |TAMS 0x0000000780000000, 0x0000000780000000| Untracked 
|   1|0x0000000780100000, 0x0000000780100000, 0x0000000780200000|  0%| F|  |TAMS 0x0000000780100000, 0x0000000780100000| Untracked 
|   2|0x0000000780200000, 0x0000000780200000, 0x0000000780300000|  0%| F|  |TAMS 0x0000000780200000, 0x0000000780200000| Untracked 
|   3|0x0000000780300000, 0x0000000780300000, 0x0000000780400000|  0%| F|  |TAMS 0x0000000780300000, 0x0000000780300000| Untracked 
|   4|0x0000000780400000, 0x0000000780400000, 0x0000000780500000|  0%| F|  |TAMS 0x0000000780400000, 0x0000000780400000| Untracked 
|   5|0x0000000780500000, 0x0000000780500000, 0x0000000780600000|  0%| F|  |TAMS 0x0000000780500000, 0x0000000780500000| Untracked 
|   6|0x0000000780600000, 0x0000000780600000, 0x0000000780700000|  0%| F|  |TAMS 0x0000000780600000, 0x0000000780600000| Untracked 
|   7|0x0000000780700000, 0x0000000780700000, 0x0000000780800000|  0%| F|  |TAMS 0x0000000780700000, 0x0000000780700000| Untracked 
|   8|0x0000000780800000, 0x0000000780800000, 0x0000000780900000|  0%| F|  |TAMS 0x0000000780800000, 0x0000000780800000| Untracked 
|   9|0x0000000780900000, 0x0000000780900000, 0x0000000780a00000|  0%| F|  |TAMS 0x0000000780900000, 0x0000000780900000| Untracked 
|  10|0x0000000780a00000, 0x0000000780a00000, 0x0000000780b00000|  0%| F|  |TAMS 0x0000000780a00000, 0x0000000780a00000| Untracked 
|  11|0x0000000780b00000, 0x0000000780b00000, 0x0000000780c00000|  0%| F|  |TAMS 0x0000000780b00000, 0x0000000780b00000| Untracked 
|  12|0x0000000780c00000, 0x0000000780c00000, 0x0000000780d00000|  0%| F|  |TAMS 0x0000000780c00000, 0x0000000780c00000| Untracked 
|  13|0x0000000780d00000, 0x0000000780d00000, 0x0000000780e00000|  0%| F|  |TAMS 0x0000000780d00000, 0x0000000780d00000| Untracked 
|  14|0x0000000780e00000, 0x0000000780e00000, 0x0000000780f00000|  0%| F|  |TAMS 0x0000000780e00000, 0x0000000780e00000| Untracked 
|  15|0x0000000780f00000, 0x0000000780f00000, 0x0000000781000000|  0%| F|  |TAMS 0x0000000780f00000, 0x0000000780f00000| Untracked 
|  16|0x0000000781000000, 0x0000000781000000, 0x0000000781100000|  0%| F|  |TAMS 0x0000000781000000, 0x0000000781000000| Untracked 
|  17|0x0000000781100000, 0x0000000781100000, 0x0000000781200000|  0%| F|  |TAMS 0x0000000781100000, 0x0000000781100000| Untracked 
|  18|0x0000000781200000, 0x0000000781200000, 0x0000000781300000|  0%| F|  |TAMS 0x0000000781200000, 0x0000000781200000| Untracked 
|  19|0x0000000781300000, 0x0000000781300000, 0x0000000781400000|  0%| F|  |TAMS 0x0000000781300000, 0x0000000781300000| Untracked 
|  20|0x0000000781400000, 0x0000000781400000, 0x0000000781500000|  0%| F|  |TAMS 0x0000000781400000, 0x0000000781400000| Untracked 
|  21|0x0000000781500000, 0x0000000781500000, 0x0000000781600000|  0%| F|  |TAMS 0x0000000781500000, 0x0000000781500000| Untracked 
|  22|0x0000000781600000, 0x0000000781600000, 0x0000000781700000|  0%| F|  |TAMS 0x0000000781600000, 0x0000000781600000| Untracked 
|  23|0x0000000781700000, 0x0000000781700000, 0x0000000781800000|  0%| F|  |TAMS 0x0000000781700000, 0x0000000781700000| Untracked 
|  24|0x0000000781800000, 0x0000000781800000, 0x0000000781900000|  0%| F|  |TAMS 0x0000000781800000, 0x0000000781800000| Untracked 
|  25|0x0000000781900000, 0x0000000781900000, 0x0000000781a00000|  0%| F|  |TAMS 0x0000000781900000, 0x0000000781900000| Untracked 
|  26|0x0000000781a00000, 0x0000000781a00000, 0x0000000781b00000|  0%| F|  |TAMS 0x0000000781a00000, 0x0000000781a00000| Untracked 
|  27|0x0000000781b00000, 0x0000000781b00000, 0x0000000781c00000|  0%| F|  |TAMS 0x0000000781b00000, 0x0000000781b00000| Untracked 
|  28|0x0000000781c00000, 0x0000000781c00000, 0x0000000781d00000|  0%| F|  |TAMS 0x0000000781c00000, 0x0000000781c00000| Untracked 
|  29|0x0000000781d00000, 0x0000000781d00000, 0x0000000781e00000|  0%| F|  |TAMS 0x0000000781d00000, 0x0000000781d00000| Untracked 
|  30|0x0000000781e00000, 0x0000000781e00000, 0x0000000781f00000|  0%| F|  |TAMS 0x0000000781e00000, 0x0000000781e00000| Untracked 
|  31|0x0000000781f00000, 0x0000000781f00000, 0x0000000782000000|  0%| F|  |TAMS 0x0000000781f00000, 0x0000000781f00000| Untracked 
|  32|0x0000000782000000, 0x0000000782000000, 0x0000000782100000|  0%| F|  |TAMS 0x0000000782000000, 0x0000000782000000| Untracked 
|  33|0x0000000782100000, 0x0000000782100000, 0x0000000782200000|  0%| F|  |TAMS 0x0000000782100000, 0x0000000782100000| Untracked 
|  34|0x0000000782200000, 0x0000000782200000, 0x0000000782300000|  0%| F|  |TAMS 0x0000000782200000, 0x0000000782200000| Untracked 
|  35|0x0000000782300000, 0x0000000782300000, 0x0000000782400000|  0%| F|  |TAMS 0x0000000782300000, 0x0000000782300000| Untracked 
|  36|0x0000000782400000, 0x0000000782400000, 0x0000000782500000|  0%| F|  |TAMS 0x0000000782400000, 0x0000000782400000| Untracked 
|  37|0x0000000782500000, 0x0000000782500000, 0x0000000782600000|  0%| F|  |TAMS 0x0000000782500000, 0x0000000782500000| Untracked 
|  38|0x0000000782600000, 0x0000000782600000, 0x0000000782700000|  0%| F|  |TAMS 0x0000000782600000, 0x0000000782600000| Untracked 
|  39|0x0000000782700000, 0x0000000782700000, 0x0000000782800000|  0%| F|  |TAMS 0x0000000782700000, 0x0000000782700000| Untracked 
|  40|0x0000000782800000, 0x0000000782800000, 0x0000000782900000|  0%| F|  |TAMS 0x0000000782800000, 0x0000000782800000| Untracked 
|  41|0x0000000782900000, 0x0000000782900000, 0x0000000782a00000|  0%| F|  |TAMS 0x0000000782900000, 0x0000000782900000| Untracked 
|  42|0x0000000782a00000, 0x0000000782a00000, 0x0000000782b00000|  0%| F|  |TAMS 0x0000000782a00000, 0x0000000782a00000| Untracked 
|  43|0x0000000782b00000, 0x0000000782b00000, 0x0000000782c00000|  0%| F|  |TAMS 0x0000000782b00000, 0x0000000782b00000| Untracked 
|  44|0x0000000782c00000, 0x0000000782c00000, 0x0000000782d00000|  0%| F|  |TAMS 0x0000000782c00000, 0x0000000782c00000| Untracked 
|  45|0x0000000782d00000, 0x0000000782d00000, 0x0000000782e00000|  0%| F|  |TAMS 0x0000000782d00000, 0x0000000782d00000| Untracked 
|  46|0x0000000782e00000, 0x0000000782e00000, 0x0000000782f00000|  0%| F|  |TAMS 0x0000000782e00000, 0x0000000782e00000| Untracked 
|  47|0x0000000782f00000, 0x0000000782f00000, 0x0000000783000000|  0%| F|  |TAMS 0x0000000782f00000, 0x0000000782f00000| Untracked 
|  48|0x0000000783000000, 0x0000000783000000, 0x0000000783100000|  0%| F|  |TAMS 0x0000000783000000, 0x0000000783000000| Untracked 
|  49|0x0000000783100000, 0x0000000783100000, 0x0000000783200000|  0%| F|  |TAMS 0x0000000783100000, 0x0000000783100000| Untracked 
|  50|0x0000000783200000, 0x0000000783200000, 0x0000000783300000|  0%| F|  |TAMS 0x0000000783200000, 0x0000000783200000| Untracked 
|  51|0x0000000783300000, 0x0000000783300000, 0x0000000783400000|  0%| F|  |TAMS 0x0000000783300000, 0x0000000783300000| Untracked 
|  52|0x0000000783400000, 0x0000000783400000, 0x0000000783500000|  0%| F|  |TAMS 0x0000000783400000, 0x0000000783400000| Untracked 
|  53|0x0000000783500000, 0x0000000783500000, 0x0000000783600000|  0%| F|  |TAMS 0x0000000783500000, 0x0000000783500000| Untracked 
|  54|0x0000000783600000, 0x0000000783600000, 0x0000000783700000|  0%| F|  |TAMS 0x0000000783600000, 0x0000000783600000| Untracked 
|  55|0x0000000783700000, 0x0000000783700000, 0x0000000783800000|  0%| F|  |TAMS 0x0000000783700000, 0x0000000783700000| Untracked 
|  56|0x0000000783800000, 0x0000000783800000, 0x0000000783900000|  0%| F|  |TAMS 0x0000000783800000, 0x0000000783800000| Untracked 
|  57|0x0000000783900000, 0x0000000783900000, 0x0000000783a00000|  0%| F|  |TAMS 0x0000000783900000, 0x0000000783900000| Untracked 
|  58|0x0000000783a00000, 0x0000000783a00000, 0x0000000783b00000|  0%| F|  |TAMS 0x0000000783a00000, 0x0000000783a00000| Untracked 
|  59|0x0000000783b00000, 0x0000000783b00000, 0x0000000783c00000|  0%| F|  |TAMS 0x0000000783b00000, 0x0000000783b00000| Untracked 
|  60|0x0000000783c00000, 0x0000000783c00000, 0x0000000783d00000|  0%| F|  |TAMS 0x0000000783c00000, 0x0000000783c00000| Untracked 
|  61|0x0000000783d00000, 0x0000000783d00000, 0x0000000783e00000|  0%| F|  |TAMS 0x0000000783d00000, 0x0000000783d00000| Untracked 
|  62|0x0000000783e00000, 0x0000000783e00000, 0x0000000783f00000|  0%| F|  |TAMS 0x0000000783e00000, 0x0000000783e00000| Untracked 
|  63|0x0000000783f00000, 0x0000000783f00000, 0x0000000784000000|  0%| F|  |TAMS 0x0000000783f00000, 0x0000000783f00000| Untracked 
|  64|0x0000000784000000, 0x0000000784000000, 0x0000000784100000|  0%| F|  |TAMS 0x0000000784000000, 0x0000000784000000| Untracked 
|  65|0x0000000784100000, 0x0000000784100000, 0x0000000784200000|  0%| F|  |TAMS 0x0000000784100000, 0x0000000784100000| Untracked 
|  66|0x0000000784200000, 0x0000000784200000, 0x0000000784300000|  0%| F|  |TAMS 0x0000000784200000, 0x0000000784200000| Untracked 
|  67|0x0000000784300000, 0x0000000784300000, 0x0000000784400000|  0%| F|  |TAMS 0x0000000784300000, 0x0000000784300000| Untracked 
|  68|0x0000000784400000, 0x0000000784400000, 0x0000000784500000|  0%| F|  |TAMS 0x0000000784400000, 0x0000000784400000| Untracked 
|  69|0x0000000784500000, 0x0000000784500000, 0x0000000784600000|  0%| F|  |TAMS 0x0000000784500000, 0x0000000784500000| Untracked 
|  70|0x0000000784600000, 0x0000000784600000, 0x0000000784700000|  0%| F|  |TAMS 0x0000000784600000, 0x0000000784600000| Untracked 
|  71|0x0000000784700000, 0x0000000784700000, 0x0000000784800000|  0%| F|  |TAMS 0x0000000784700000, 0x0000000784700000| Untracked 
|  72|0x0000000784800000, 0x0000000784800000, 0x0000000784900000|  0%| F|  |TAMS 0x0000000784800000, 0x0000000784800000| Untracked 
|  73|0x0000000784900000, 0x0000000784900000, 0x0000000784a00000|  0%| F|  |TAMS 0x0000000784900000, 0x0000000784900000| Untracked 
|  74|0x0000000784a00000, 0x0000000784a00000, 0x0000000784b00000|  0%| F|  |TAMS 0x0000000784a00000, 0x0000000784a00000| Untracked 
|  75|0x0000000784b00000, 0x0000000784b00000, 0x0000000784c00000|  0%| F|  |TAMS 0x0000000784b00000, 0x0000000784b00000| Untracked 
|  76|0x0000000784c00000, 0x0000000784c00000, 0x0000000784d00000|  0%| F|  |TAMS 0x0000000784c00000, 0x0000000784c00000| Untracked 
|  77|0x0000000784d00000, 0x0000000784d00000, 0x0000000784e00000|  0%| F|  |TAMS 0x0000000784d00000, 0x0000000784d00000| Untracked 
|  78|0x0000000784e00000, 0x0000000784e00000, 0x0000000784f00000|  0%| F|  |TAMS 0x0000000784e00000, 0x0000000784e00000| Untracked 
|  79|0x0000000784f00000, 0x0000000784f00000, 0x0000000785000000|  0%| F|  |TAMS 0x0000000784f00000, 0x0000000784f00000| Untracked 
|  80|0x0000000785000000, 0x0000000785000000, 0x0000000785100000|  0%| F|  |TAMS 0x0000000785000000, 0x0000000785000000| Untracked 
|  81|0x0000000785100000, 0x0000000785100000, 0x0000000785200000|  0%| F|  |TAMS 0x0000000785100000, 0x0000000785100000| Untracked 
|  82|0x0000000785200000, 0x0000000785200000, 0x0000000785300000|  0%| F|  |TAMS 0x0000000785200000, 0x0000000785200000| Untracked 
|  83|0x0000000785300000, 0x0000000785300000, 0x0000000785400000|  0%| F|  |TAMS 0x0000000785300000, 0x0000000785300000| Untracked 
|  84|0x0000000785400000, 0x0000000785400000, 0x0000000785500000|  0%| F|  |TAMS 0x0000000785400000, 0x0000000785400000| Untracked 
|  85|0x0000000785500000, 0x0000000785500000, 0x0000000785600000|  0%| F|  |TAMS 0x0000000785500000, 0x0000000785500000| Untracked 
|  86|0x0000000785600000, 0x0000000785600000, 0x0000000785700000|  0%| F|  |TAMS 0x0000000785600000, 0x0000000785600000| Untracked 
|  87|0x0000000785700000, 0x0000000785700000, 0x0000000785800000|  0%| F|  |TAMS 0x0000000785700000, 0x0000000785700000| Untracked 
|  88|0x0000000785800000, 0x0000000785800000, 0x0000000785900000|  0%| F|  |TAMS 0x0000000785800000, 0x0000000785800000| Untracked 
|  89|0x0000000785900000, 0x0000000785900000, 0x0000000785a00000|  0%| F|  |TAMS 0x0000000785900000, 0x0000000785900000| Untracked 
|  90|0x0000000785a00000, 0x0000000785a00000, 0x0000000785b00000|  0%| F|  |TAMS 0x0000000785a00000, 0x0000000785a00000| Untracked 
|  91|0x0000000785b00000, 0x0000000785b00000, 0x0000000785c00000|  0%| F|  |TAMS 0x0000000785b00000, 0x0000000785b00000| Untracked 
|  92|0x0000000785c00000, 0x0000000785d00000, 0x0000000785d00000|100%| E|  |TAMS 0x0000000785c00000, 0x0000000785c00000| Complete 
|  93|0x0000000785d00000, 0x0000000785e00000, 0x0000000785e00000|100%| E|CS|TAMS 0x0000000785d00000, 0x0000000785d00000| Complete 
|  94|0x0000000785e00000, 0x0000000785f00000, 0x0000000785f00000|100%| E|CS|TAMS 0x0000000785e00000, 0x0000000785e00000| Complete 
|  95|0x0000000785f00000, 0x0000000786000000, 0x0000000786000000|100%| E|CS|TAMS 0x0000000785f00000, 0x0000000785f00000| Complete 
|  96|0x0000000786000000, 0x0000000786100000, 0x0000000786100000|100%| E|CS|TAMS 0x0000000786000000, 0x0000000786000000| Complete 
|  97|0x0000000786100000, 0x0000000786200000, 0x0000000786200000|100%| E|CS|TAMS 0x0000000786100000, 0x0000000786100000| Complete 
|  98|0x0000000786200000, 0x0000000786300000, 0x0000000786300000|100%| E|CS|TAMS 0x0000000786200000, 0x0000000786200000| Complete 
|  99|0x0000000786300000, 0x0000000786400000, 0x0000000786400000|100%| E|CS|TAMS 0x0000000786300000, 0x0000000786300000| Complete 
| 100|0x0000000786400000, 0x0000000786500000, 0x0000000786500000|100%| E|CS|TAMS 0x0000000786400000, 0x0000000786400000| Complete 
| 101|0x0000000786500000, 0x0000000786600000, 0x0000000786600000|100%| E|CS|TAMS 0x0000000786500000, 0x0000000786500000| Complete 
| 102|0x0000000786600000, 0x0000000786700000, 0x0000000786700000|100%| E|CS|TAMS 0x0000000786600000, 0x0000000786600000| Complete 
| 103|0x0000000786700000, 0x0000000786800000, 0x0000000786800000|100%| E|CS|TAMS 0x0000000786700000, 0x0000000786700000| Complete 
| 104|0x0000000786800000, 0x0000000786900000, 0x0000000786900000|100%| E|CS|TAMS 0x0000000786800000, 0x0000000786800000| Complete 
| 105|0x0000000786900000, 0x0000000786a00000, 0x0000000786a00000|100%| E|CS|TAMS 0x0000000786900000, 0x0000000786900000| Complete 
| 106|0x0000000786a00000, 0x0000000786b00000, 0x0000000786b00000|100%| E|CS|TAMS 0x0000000786a00000, 0x0000000786a00000| Complete 
| 107|0x0000000786b00000, 0x0000000786c00000, 0x0000000786c00000|100%| E|CS|TAMS 0x0000000786b00000, 0x0000000786b00000| Complete 
| 108|0x0000000786c00000, 0x0000000786d00000, 0x0000000786d00000|100%| E|CS|TAMS 0x0000000786c00000, 0x0000000786c00000| Complete 
| 109|0x0000000786d00000, 0x0000000786e00000, 0x0000000786e00000|100%| E|CS|TAMS 0x0000000786d00000, 0x0000000786d00000| Complete 
| 110|0x0000000786e00000, 0x0000000786f00000, 0x0000000786f00000|100%| E|CS|TAMS 0x0000000786e00000, 0x0000000786e00000| Complete 
| 111|0x0000000786f00000, 0x0000000787000000, 0x0000000787000000|100%| E|CS|TAMS 0x0000000786f00000, 0x0000000786f00000| Complete 
| 112|0x0000000787000000, 0x0000000787089b48, 0x0000000787100000| 53%| S|CS|TAMS 0x0000000787000000, 0x0000000787000000| Complete 
| 113|0x0000000787100000, 0x0000000787200000, 0x0000000787200000|100%| S|CS|TAMS 0x0000000787100000, 0x0000000787100000| Complete 
| 114|0x0000000787200000, 0x0000000787300000, 0x0000000787300000|100%| E|CS|TAMS 0x0000000787200000, 0x0000000787200000| Complete 
| 115|0x0000000787300000, 0x0000000787400000, 0x0000000787400000|100%| E|CS|TAMS 0x0000000787300000, 0x0000000787300000| Complete 
| 116|0x0000000787400000, 0x0000000787500000, 0x0000000787500000|100%| E|CS|TAMS 0x0000000787400000, 0x0000000787400000| Complete 
| 117|0x0000000787500000, 0x0000000787600000, 0x0000000787600000|100%| E|CS|TAMS 0x0000000787500000, 0x0000000787500000| Complete 
| 118|0x0000000787600000, 0x0000000787700000, 0x0000000787700000|100%| E|CS|TAMS 0x0000000787600000, 0x0000000787600000| Complete 
| 119|0x0000000787700000, 0x0000000787800000, 0x0000000787800000|100%| E|CS|TAMS 0x0000000787700000, 0x0000000787700000| Complete 
| 120|0x0000000787800000, 0x0000000787900000, 0x0000000787900000|100%| E|CS|TAMS 0x0000000787800000, 0x0000000787800000| Complete 
| 121|0x0000000787900000, 0x0000000787a00000, 0x0000000787a00000|100%| E|CS|TAMS 0x0000000787900000, 0x0000000787900000| Complete 
| 122|0x0000000787a00000, 0x0000000787b00000, 0x0000000787b00000|100%| E|CS|TAMS 0x0000000787a00000, 0x0000000787a00000| Complete 
| 123|0x0000000787b00000, 0x0000000787c00000, 0x0000000787c00000|100%| E|CS|TAMS 0x0000000787b00000, 0x0000000787b00000| Complete 
| 124|0x0000000787c00000, 0x0000000787d00000, 0x0000000787d00000|100%| E|CS|TAMS 0x0000000787c00000, 0x0000000787c00000| Complete 
| 125|0x0000000787d00000, 0x0000000787e00000, 0x0000000787e00000|100%| E|CS|TAMS 0x0000000787d00000, 0x0000000787d00000| Complete 
| 126|0x0000000787e00000, 0x0000000787f00000, 0x0000000787f00000|100%| E|CS|TAMS 0x0000000787e00000, 0x0000000787e00000| Complete 
| 127|0x0000000787f00000, 0x0000000788000000, 0x0000000788000000|100%| E|CS|TAMS 0x0000000787f00000, 0x0000000787f00000| Complete 
|1022|0x00000007bfe00000, 0x00000007bfe47000, 0x00000007bff00000| 27%|OA|  |TAMS 0x00000007bfe00000, 0x00000007bfe00000| Untracked 
|1023|0x00000007bff00000, 0x00000007bff77000, 0x00000007c0000000| 46%|CA|  |TAMS 0x00000007bff00000, 0x00000007bff00000| Untracked 

Card table byte_map: [0x000000010366e000,0x0000000103a6e000] _byte_map_base: 0x00000000ffa6e000

Marking Bits (Prev, Next): (CMBitMap*) 0x00007f9388812618, (CMBitMap*) 0x00007f9388812658
 Prev Bits: [0x000000011d0c1000, 0x000000011f0c1000)
 Next Bits: [0x000000011f0c1000, 0x00000001210c1000)

Polling page: 0x00000001015cb000

Metaspace:

Usage:
  Non-class:      7.07 MB capacity,     6.71 MB ( 95%) used,   348.42 KB (  5%) free+waste,    12.62 KB ( <1%) overhead. 
      Class:    993.00 KB capacity,   916.02 KB ( 92%) used,    70.54 KB (  7%) free+waste,     6.44 KB ( <1%) overhead. 
       Both:      8.04 MB capacity,     7.61 MB ( 95%) used,   418.96 KB (  5%) free+waste,    19.06 KB ( <1%) overhead. 

Virtual space:
  Non-class space:        8.00 MB reserved,       7.25 MB ( 91%) committed 
      Class space:        1.00 GB reserved,       1.00 MB ( <1%) committed 
             Both:        1.01 GB reserved,       8.25 MB ( <1%) committed 

Chunk freelists:
   Non-Class:  47.00 KB
       Class:  27.00 KB
        Both:  74.00 KB

MaxMetaspaceSize: unlimited
CompressedClassSpaceSize: 1.00 GB

CodeHeap 'non-profiled nmethods': size=120032Kb used=720Kb max_used=769Kb free=119311Kb
 bounds [0x0000000115b89000, 0x0000000115df9000, 0x000000011d0c1000]
CodeHeap 'profiled nmethods': size=120032Kb used=2661Kb max_used=3048Kb free=117370Kb
 bounds [0x000000010e651000, 0x000000010e951000, 0x0000000115b89000]
CodeHeap 'non-nmethods': size=5696Kb used=1242Kb max_used=1357Kb free=4453Kb
 bounds [0x000000010e0c1000, 0x000000010e331000, 0x000000010e651000]
 total_blobs=2155 nmethods=1207 adapters=347
 compilation: enabled
              stopped_count=0, restarted_count=0
 full_count=0

Compilation events (20 events):
Event: 1.226 Thread 0x00007f9389061800 nmethod 1358 0x0000000115c0dc90 code [0x0000000115c0de00, 0x0000000115c0de98]
Event: 1.226 Thread 0x00007f9389061800 1353       4       java.util.regex.Matcher::groupCount (10 bytes)
Event: 1.226 Thread 0x00007f9389061800 nmethod 1353 0x0000000115c0df90 code [0x0000000115c0e100, 0x0000000115c0e1b8]
Event: 2.347 Thread 0x00007f938886e800 nmethod 796% 0x0000000115c0e290 code [0x0000000115c0e9a0, 0x0000000115c28620]
Event: 46.893 Thread 0x00007f9389061800 1367       4       org.eclipse.jdt.launching.internal.org.objectweb.asm.SymbolTable::addConstantUtf8Reference (101 bytes)
Event: 46.923 Thread 0x00007f9389061800 nmethod 1367 0x0000000115c30f90 code [0x0000000115c31180, 0x0000000115c32068]
Event: 140.616 Thread 0x00007f9389061800 1368       4       org.eclipse.jdt.launching.internal.org.objectweb.asm.FieldWriter::visitEnd (1 bytes)
Event: 140.616 Thread 0x00007f9389061800 nmethod 1368 0x0000000115c32690 code [0x0000000115c32800, 0x0000000115c32878]
Event: 140.616 Thread 0x00007f9389061800 1369       4       org.eclipse.jdt.launching.internal.org.objectweb.asm.AnnotationWriter::putAnnotations (67 bytes)
Event: 140.618 Thread 0x00007f9389061800 nmethod 1369 0x0000000115c32990 code [0x0000000115c32b20, 0x0000000115c32cb8]
Event: 140.618 Thread 0x00007f9389061800 1370       4       org.eclipse.jdt.launching.internal.org.objectweb.asm.ClassReader::readCode (5089 bytes)
Event: 142.116 Thread 0x00007f9389061800 nmethod 1370 0x0000000115c32e90 code [0x0000000115c33600, 0x0000000115c40950]
Event: 312.136 Thread 0x00007f9389062000 1371       3       org.eclipse.jdt.launching.internal.org.objectweb.asm.AnnotationWriter::<init> (60 bytes)
Event: 312.136 Thread 0x00007f9389062000 nmethod 1371 0x000000010e94a510 code [0x000000010e94a6e0, 0x000000010e94ab68]
Event: 312.137 Thread 0x00007f9389062000 1372       3       org.eclipse.jdt.launching.internal.org.objectweb.asm.AnnotationVisitor::<init> (7 bytes)
Event: 312.137 Thread 0x00007f9389062000 nmethod 1372 0x000000010e94ad10 code [0x000000010e94aec0, 0x000000010e94b088]
Event: 346.618 Thread 0x00007f9389061800 1373       4       org.eclipse.jdt.launching.internal.org.objectweb.asm.ClassReader::readClass (7 bytes)
Event: 346.627 Thread 0x00007f9389061800 nmethod 1373 0x0000000115c49110 code [0x0000000115c492c0, 0x0000000115c497a8]
Event: 386.361 Thread 0x00007f9389061800 1374       4       org.eclipse.jdt.launching.internal.org.objectweb.asm.MethodWriter::visitFieldInsn (258 bytes)
Event: 386.373 Thread 0x00007f9389061800 nmethod 1374 0x0000000115bb1c90 code [0x0000000115bb1e40, 0x0000000115bb26a8]

GC Heap History (2 events):
Event: 0.594 GC heap before
{Heap before GC invocations=0 (full 0):
 garbage-first heap   total 133120K, used 15096K [0x0000000780000000, 0x0000000800000000)
  region size 1024K, 14 young (14336K), 0 survivors (0K)
 Metaspace       used 4503K, capacity 5665K, committed 5760K, reserved 1056768K
  class space    used 469K, capacity 567K, committed 640K, reserved 1048576K
}
Event: 0.601 GC heap after
{Heap after GC invocations=1 (full 0):
 garbage-first heap   total 133120K, used 2334K [0x0000000780000000, 0x0000000800000000)
  region size 1024K, 2 young (2048K), 2 survivors (2048K)
 Metaspace       used 4503K, capacity 5665K, committed 5760K, reserved 1056768K
  class space    used 469K, capacity 567K, committed 640K, reserved 1048576K
}

Deoptimization events (20 events):
Event: 0.963 Thread 0x00007f9389001800 DEOPT PACKING pc=0x0000000115ba64a0 sp=0x0000700006a0cae0
Event: 0.963 Thread 0x00007f9389001800 DEOPT UNPACKING pc=0x000000010e109e25 sp=0x0000700006a0caa8 mode 2
Event: 0.963 Thread 0x00007f9389001800 Uncommon trap: trap_request=0xffffff45 fr.pc=0x0000000115bbc944 relative=0x00000000000002a4
Event: 0.963 Thread 0x00007f9389001800 Uncommon trap: reason=unstable_if action=reinterpret pc=0x0000000115bbc944 method=java.lang.String.startsWith(Ljava/lang/String;I)Z @ 50 c2
Event: 0.963 Thread 0x00007f9389001800 DEOPT PACKING pc=0x0000000115bbc944 sp=0x0000700006a0ce80
Event: 0.963 Thread 0x00007f9389001800 DEOPT UNPACKING pc=0x000000010e109e25 sp=0x0000700006a0ce10 mode 2
Event: 0.963 Thread 0x00007f9389001800 Uncommon trap: trap_request=0xffffff45 fr.pc=0x0000000115bae668 relative=0x00000000000001c8
Event: 0.963 Thread 0x00007f9389001800 Uncommon trap: reason=unstable_if action=reinterpret pc=0x0000000115bae668 method=java.lang.StringCoding.hasNegatives([BII)Z @ 12 c2
Event: 0.963 Thread 0x00007f9389001800 DEOPT PACKING pc=0x0000000115bae668 sp=0x0000700006a0cae0
Event: 0.963 Thread 0x00007f9389001800 DEOPT UNPACKING pc=0x000000010e109e25 sp=0x0000700006a0caa8 mode 2
Event: 0.990 Thread 0x00007f9389001800 DEOPT PACKING pc=0x000000010e6cf57b sp=0x0000700006a0ca00
Event: 0.990 Thread 0x00007f9389001800 DEOPT UNPACKING pc=0x000000010e10a33a sp=0x0000700006a0bf38 mode 0
Event: 1.009 Thread 0x00007f9389001800 DEOPT PACKING pc=0x000000010e7a94a4 sp=0x0000700006a0c8e0
Event: 1.009 Thread 0x00007f9389001800 DEOPT UNPACKING pc=0x000000010e10a33a sp=0x0000700006a0bd98 mode 1
Event: 1.009 Thread 0x00007f9389001800 DEOPT PACKING pc=0x000000010e7a8904 sp=0x0000700006a0c9b0
Event: 1.009 Thread 0x00007f9389001800 DEOPT UNPACKING pc=0x000000010e10a33a sp=0x0000700006a0be88 mode 1
Event: 1.059 Thread 0x00007f9389001800 DEOPT PACKING pc=0x000000010e8ec2cf sp=0x0000700006a0c2f0
Event: 1.059 Thread 0x00007f9389001800 DEOPT UNPACKING pc=0x000000010e10a33a sp=0x0000700006a0b798 mode 0
Event: 140.616 Thread 0x00007f9387814800 DEOPT PACKING pc=0x000000010e74fe6a sp=0x00007000079bef30
Event: 140.616 Thread 0x00007f9387814800 DEOPT UNPACKING pc=0x000000010e10a33a sp=0x00007000079be6d0 mode 0

Classes unloaded (0 events):
No events

Classes redefined (20 events):
Event: 346.622 Thread 0x00007f9388869000 redefined class name=ElevatorSystem.Elevator$Direction, count=2
Event: 346.622 Thread 0x00007f9388869000 redefined class name=ElevatorSystem.Elevator$DoorState, count=2
Event: 346.622 Thread 0x00007f9388869000 redefined class name=ElevatorSystem.Elevator, count=2
Event: 346.622 Thread 0x00007f9388869000 redefined class name=ElevatorSystem.Environment, count=2
Event: 346.622 Thread 0x00007f9388869000 redefined class name=ElevatorSystem.Floor, count=2
Event: 346.622 Thread 0x00007f9388869000 redefined class name=ElevatorSystem.IElevator, count=2
Event: 346.622 Thread 0x00007f9388869000 redefined class name=ElevatorSystem.IEnvironment, count=2
Event: 346.622 Thread 0x00007f9388869000 redefined class name=ElevatorSystem.IFloor, count=2
Event: 346.622 Thread 0x00007f9388869000 redefined class name=ElevatorSystem.IPerson, count=2
Event: 346.622 Thread 0x00007f9388869000 redefined class name=ElevatorSystem.Person, count=2
Event: 386.368 Thread 0x00007f9388869000 redefined class name=ElevatorSystem.Elevator$Direction, count=3
Event: 386.368 Thread 0x00007f9388869000 redefined class name=ElevatorSystem.Elevator$DoorState, count=3
Event: 386.368 Thread 0x00007f9388869000 redefined class name=ElevatorSystem.Elevator, count=3
Event: 386.368 Thread 0x00007f9388869000 redefined class name=ElevatorSystem.Environment, count=3
Event: 386.368 Thread 0x00007f9388869000 redefined class name=ElevatorSystem.Floor, count=3
Event: 386.368 Thread 0x00007f9388869000 redefined class name=ElevatorSystem.IElevator, count=3
Event: 386.368 Thread 0x00007f9388869000 redefined class name=ElevatorSystem.IEnvironment, count=3
Event: 386.368 Thread 0x00007f9388869000 redefined class name=ElevatorSystem.IFloor, count=3
Event: 386.368 Thread 0x00007f9388869000 redefined class name=ElevatorSystem.IPerson, count=3
Event: 386.368 Thread 0x00007f9388869000 redefined class name=ElevatorSystem.Person, count=3

Internal exceptions (3 events):
Event: 0.513 Thread 0x00007f9389001800 Exception <a 'java/lang/IncompatibleClassChangeError'{0x00000007876a5128}: Found class java.lang.Object, but interface was expected> (0x00000007876a5128) 
thrown [/scratch/mesos/slaves/fcf4c0c4-d73e-4321-860c-6613427db92b-S986/frameworks/1735e8a2-a1db-478c-8104-60c8b0af87dd-0196/executors/b21c77cc-e78c-4fea-ada2-0248f8e62b78/runs/ce7c8681-9c38-4388-a432-d1e7d11d4690/workspace/open/src/hotspot/share/interpreter/linkResolver.cpp, line 833]
Event: 0.591 Thread 0x00007f9389001800 Exception <a 'java/lang/NoSuchMethodError'{0x00000007872ca348}: 'int java.lang.invoke.DirectMethodHandle$Holder.invokeSpecialIFC(java.lang.Object, java.lang.Object, int)'> (0x00000007872ca348) 
thrown [/scratch/mesos/slaves/fcf4c0c4-d73e-4321-860c-6613427db92b-S986/frameworks/1735e8a2-a1db-478c-8104-60c8b0af87dd-0196/executors/b21c77cc-e78c-4fea-ada2-0248f8e62b78/runs/ce7c8681-9c38-4388-a432-d1e7d11d4690/workspace/open/src/hotspot/share/interpreter/linkResolver.cpp, line 767]
Event: 392.138 Thread 0x00007f9387814800 Exception <a 'java/lang/LinkageError'{0x0000000785c9cc28}> (0x0000000785c9cc28) 
thrown [/scratch/mesos/slaves/fcf4c0c4-d73e-4321-860c-6613427db92b-S986/frameworks/1735e8a2-a1db-478c-8104-60c8b0af87dd-0196/executors/b21c77cc-e78c-4fea-ada2-0248f8e62b78/runs/ce7c8681-9c38-4388-a432-d1e7d11d4690/workspace/open/src/hotspot/share/oops/generateOopMap.cpp, line 2140]

Events (20 events):
Event: 386.372 Executing VM operation: GetFrameCount
Event: 386.372 Executing VM operation: GetFrameCount done
Event: 386.372 Executing VM operation: GetStackTrace
Event: 386.372 Executing VM operation: GetStackTrace done
Event: 386.378 Executing VM operation: GetFrameCount
Event: 386.378 Executing VM operation: GetFrameCount done
Event: 386.378 Executing VM operation: GetOwnedMonitorInfo
Event: 386.378 Executing VM operation: GetOwnedMonitorInfo done
Event: 386.379 Executing VM operation: GetCurrentContendedMonitor
Event: 386.379 Executing VM operation: GetCurrentContendedMonitor done
Event: 390.169 Executing VM operation: GetCurrentContendedMonitor
Event: 390.169 Executing VM operation: GetCurrentContendedMonitor done
Event: 390.169 Executing VM operation: GetOwnedMonitorInfo
Event: 390.169 Executing VM operation: GetOwnedMonitorInfo done
Event: 391.544 Executing VM operation: GetCurrentContendedMonitor
Event: 391.544 Executing VM operation: GetCurrentContendedMonitor done
Event: 391.545 Executing VM operation: GetOwnedMonitorInfo
Event: 391.545 Executing VM operation: GetOwnedMonitorInfo done
Event: 392.138 Executing VM operation: GetFrameLocation
Event: 392.138 Executing VM operation: GetFrameLocation done


Dynamic libraries:
0x00007fff6c200000 	/usr/lib/libz.1.dylib
0x0000000101567000 	/Library/Java/JavaVirtualMachines/jdk-13.jdk/Contents/Home/lib/libjli.dylib
0x00007fff34805000 	/System/Library/Frameworks/Cocoa.framework/Versions/A/Cocoa
0x00007fff41dd3000 	/System/Library/Frameworks/Security.framework/Versions/A/Security
0x00007fff3378f000 	/System/Library/Frameworks/ApplicationServices.framework/Versions/A/ApplicationServices
0x00007fff69ccf000 	/usr/lib/libSystem.B.dylib
0x00007fff6cc76000 	/usr/lib/system/libcache.dylib
0x00007fff6cc7c000 	/usr/lib/system/libcommonCrypto.dylib
0x00007fff6cc88000 	/usr/lib/system/libcompiler_rt.dylib
0x00007fff6cc90000 	/usr/lib/system/libcopyfile.dylib
0x00007fff6cc9a000 	/usr/lib/system/libcorecrypto.dylib
0x00007fff6ce48000 	/usr/lib/system/libdispatch.dylib
0x00007fff6ce8a000 	/usr/lib/system/libdyld.dylib
0x00007fff6cec0000 	/usr/lib/system/libkeymgr.dylib
0x00007fff6cece000 	/usr/lib/system/liblaunch.dylib
0x00007fff6cecf000 	/usr/lib/system/libmacho.dylib
0x00007fff6ced5000 	/usr/lib/system/libquarantine.dylib
0x00007fff6ced8000 	/usr/lib/system/libremovefile.dylib
0x00007fff6ceda000 	/usr/lib/system/libsystem_asl.dylib
0x00007fff6cef2000 	/usr/lib/system/libsystem_blocks.dylib
0x00007fff6cef3000 	/usr/lib/system/libsystem_c.dylib
0x00007fff6cf7b000 	/usr/lib/system/libsystem_configuration.dylib
0x00007fff6cf7f000 	/usr/lib/system/libsystem_coreservices.dylib
0x00007fff6cf83000 	/usr/lib/system/libsystem_darwin.dylib
0x00007fff6cf8c000 	/usr/lib/system/libsystem_dnssd.dylib
0x00007fff6cf94000 	/usr/lib/system/libsystem_featureflags.dylib
0x00007fff6cf96000 	/usr/lib/system/libsystem_info.dylib
0x00007fff6d011000 	/usr/lib/system/libsystem_m.dylib
0x00007fff6d059000 	/usr/lib/system/libsystem_malloc.dylib
0x00007fff6d081000 	/usr/lib/system/libsystem_networkextension.dylib
0x00007fff6d08f000 	/usr/lib/system/libsystem_notify.dylib
0x00007fff6d0ae000 	/usr/lib/system/libsystem_sandbox.dylib
0x00007fff6d0b3000 	/usr/lib/system/libsystem_secinit.dylib
0x00007fff6cfe4000 	/usr/lib/system/libsystem_kernel.dylib
0x00007fff6d099000 	/usr/lib/system/libsystem_platform.dylib
0x00007fff6d0a3000 	/usr/lib/system/libsystem_pthread.dylib
0x00007fff6d0b6000 	/usr/lib/system/libsystem_symptoms.dylib
0x00007fff6d0be000 	/usr/lib/system/libsystem_trace.dylib
0x00007fff6d0d6000 	/usr/lib/system/libunwind.dylib
0x00007fff6d0dc000 	/usr/lib/system/libxpc.dylib
0x00007fff6bb24000 	/usr/lib/libobjc.A.dylib
0x00007fff6a009000 	/usr/lib/libc++abi.dylib
0x00007fff69fb5000 	/usr/lib/libc++.1.dylib
0x00007fff3577c000 	/System/Library/Frameworks/CoreFoundation.framework/Versions/A/CoreFoundation
0x00007fff37e41000 	/System/Library/Frameworks/Foundation.framework/Versions/C/Foundation
0x00007fff32984000 	/System/Library/Frameworks/AppKit.framework/Versions/C/AppKit
0x00007fff35288000 	/System/Library/Frameworks/CoreData.framework/Versions/A/CoreData
0x00007fff66577000 	/System/Library/PrivateFrameworks/UIFoundation.framework/Versions/A/UIFoundation
0x00007fff60d53000 	/System/Library/PrivateFrameworks/RemoteViewServices.framework/Versions/A/RemoteViewServices
0x00007fff6900a000 	/System/Library/PrivateFrameworks/XCTTargetBootstrap.framework/Versions/A/XCTTargetBootstrap
0x00007fff3566b000 	/System/Library/Frameworks/CoreDisplay.framework/Versions/A/CoreDisplay
0x00007fff3abb9000 	/System/Library/Frameworks/Metal.framework/Versions/A/Metal
0x00007fff4f159000 	/System/Library/PrivateFrameworks/DesktopServicesPriv.framework/Versions/A/DesktopServicesPriv
0x00007fff6ae05000 	/usr/lib/liblangid.dylib
0x00007fff4e2a5000 	/System/Library/PrivateFrameworks/CoreSVG.framework/Versions/A/CoreSVG
0x00007fff63b1a000 	/System/Library/PrivateFrameworks/SkyLight.framework/Versions/A/SkyLight
0x00007fff35bfe000 	/System/Library/Frameworks/CoreGraphics.framework/Versions/A/CoreGraphics
0x00007fff31523000 	/System/Library/Frameworks/Accelerate.framework/Versions/A/Accelerate
0x00007fff6c0f1000 	/usr/lib/libxml2.2.dylib
0x00007fff59e7d000 	/System/Library/PrivateFrameworks/IconServices.framework/Versions/A/IconServices
0x00007fff38626000 	/System/Library/Frameworks/IOSurface.framework/Versions/A/IOSurface
0x00007fff69807000 	/usr/lib/libDiagnosticMessagesClient.dylib
0x00007fff4efd2000 	/System/Library/PrivateFrameworks/DFRFoundation.framework/Versions/A/DFRFoundation
0x00007fff6ab93000 	/usr/lib/libicucore.A.dylib
0x00007fff33ac1000 	/System/Library/Frameworks/AudioToolbox.framework/Versions/A/AudioToolbox
0x00007fff33ba3000 	/System/Library/Frameworks/AudioUnit.framework/Versions/A/AudioUnit
0x00007fff69ed0000 	/usr/lib/libauto.dylib
0x00007fff4f053000 	/System/Library/PrivateFrameworks/DataDetectorsCore.framework/Versions/A/DataDetectorsCore
0x00007fff34325000 	/System/Library/Frameworks/Carbon.framework/Versions/A/Frameworks/HIToolbox.framework/Versions/A/HIToolbox
0x00007fff41004000 	/System/Library/Frameworks/QuartzCore.framework/Versions/A/QuartzCore
0x00007fff34664000 	/System/Library/Frameworks/Carbon.framework/Versions/A/Frameworks/SpeechRecognition.framework/Versions/A/SpeechRecognition
0x00007fff4e958000 	/System/Library/PrivateFrameworks/CoreUI.framework/Versions/A/CoreUI
0x00007fff34cee000 	/System/Library/Frameworks/CoreAudio.framework/Versions/A/CoreAudio
0x00007fff37b09000 	/System/Library/Frameworks/DiskArbitration.framework/Versions/A/DiskArbitration
0x00007fff5be92000 	/System/Library/PrivateFrameworks/MultitouchSupport.framework/Versions/A/MultitouchSupport
0x00007fff6aa59000 	/usr/lib/libenergytrace.dylib
0x00007fff38581000 	/System/Library/Frameworks/IOKit.framework/Versions/A/IOKit
0x00007fff36b6c000 	/System/Library/Frameworks/CoreServices.framework/Versions/A/CoreServices
0x00007fff5df9f000 	/System/Library/PrivateFrameworks/PerformanceAnalysis.framework/Versions/A/PerformanceAnalysis
0x00007fff4003a000 	/System/Library/Frameworks/OpenGL.framework/Versions/A/OpenGL
0x00007fff34813000 	/System/Library/Frameworks/ColorSync.framework/Versions/A/ColorSync
0x00007fff36285000 	/System/Library/Frameworks/CoreImage.framework/Versions/A/CoreImage
0x00007fff375e2000 	/System/Library/Frameworks/CoreText.framework/Versions/A/CoreText
0x00007fff386ac000 	/System/Library/Frameworks/ImageIO.framework/Versions/A/ImageIO
0x00007fff6a031000 	/usr/lib/libcompression.dylib
0x00007fff69b49000 	/usr/lib/libMobileGestalt.dylib
0x00007fff65659000 	/System/Library/PrivateFrameworks/TextureIO.framework/Versions/A/TextureIO
0x00007fff69e36000 	/usr/lib/libate.dylib
0x00007fff5a086000 	/System/Library/PrivateFrameworks/InternationalSupport.framework/Versions/A/InternationalSupport
0x00007fff6ae07000 	/usr/lib/liblzma.5.dylib
0x00007fff6aa81000 	/usr/lib/libfakelink.dylib
0x00007fff69dc3000 	/usr/lib/libarchive.2.dylib
0x00007fff42f75000 	/System/Library/Frameworks/SystemConfiguration.framework/Versions/A/SystemConfiguration
0x00007fff69738000 	/usr/lib/libCRFSuite.dylib
0x00007fff33f19000 	/System/Library/Frameworks/CFNetwork.framework/Versions/A/CFNetwork
0x00007fff69f97000 	/usr/lib/libbsm.0.dylib
0x00007fff6cec1000 	/usr/lib/system/libkxld.dylib
0x00007fff48a89000 	/System/Library/PrivateFrameworks/AppleFSCompression.framework/Versions/A/AppleFSCompression
0x00007fff6a318000 	/usr/lib/libcoretls.dylib
0x00007fff6a32f000 	/usr/lib/libcoretls_cfhelpers.dylib
0x00007fff6bb68000 	/usr/lib/libpam.2.dylib
0x00007fff6bc9b000 	/usr/lib/libsqlite3.dylib
0x00007fff6c0de000 	/usr/lib/libxar.1.dylib
0x00007fff69fa8000 	/usr/lib/libbz2.1.0.dylib
0x00007fff6aaa2000 	/usr/lib/libiconv.2.dylib
0x00007fff6a01e000 	/usr/lib/libcharset.1.dylib
0x00007fff6b60f000 	/usr/lib/libnetwork.dylib
0x00007fff6bb6f000 	/usr/lib/libpcap.A.dylib
0x00007fff69d78000 	/usr/lib/libapple_nghttp2.dylib
0x00007fff36f23000 	/System/Library/Frameworks/CoreServices.framework/Versions/A/Frameworks/FSEvents.framework/Versions/A/FSEvents
0x00007fff36bf3000 	/System/Library/Frameworks/CoreServices.framework/Versions/A/Frameworks/CarbonCore.framework/Versions/A/CarbonCore
0x00007fff37166000 	/System/Library/Frameworks/CoreServices.framework/Versions/A/Frameworks/Metadata.framework/Versions/A/Metadata
0x00007fff371ff000 	/System/Library/Frameworks/CoreServices.framework/Versions/A/Frameworks/OSServices.framework/Versions/A/OSServices
0x00007fff3722d000 	/System/Library/Frameworks/CoreServices.framework/Versions/A/Frameworks/SearchKit.framework/Versions/A/SearchKit
0x00007fff36b6d000 	/System/Library/Frameworks/CoreServices.framework/Versions/A/Frameworks/AE.framework/Versions/A/AE
0x00007fff36f2c000 	/System/Library/Frameworks/CoreServices.framework/Versions/A/Frameworks/LaunchServices.framework/Versions/A/LaunchServices
0x00007fff36ed5000 	/System/Library/Frameworks/CoreServices.framework/Versions/A/Frameworks/DictionaryServices.framework/Versions/A/DictionaryServices
0x00007fff37295000 	/System/Library/Frameworks/CoreServices.framework/Versions/A/Frameworks/SharedFileList.framework/Versions/A/SharedFileList
0x00007fff3be8e000 	/System/Library/Frameworks/NetFS.framework/Versions/A/NetFS
0x00007fff5c3c2000 	/System/Library/PrivateFrameworks/NetAuth.framework/Versions/A/NetAuth
0x00007fff693d5000 	/System/Library/PrivateFrameworks/login.framework/Versions/A/Frameworks/loginsupport.framework/Versions/A/loginsupport
0x00007fff65154000 	/System/Library/PrivateFrameworks/TCC.framework/Versions/A/TCC
0x00007fff4d674000 	/System/Library/PrivateFrameworks/CoreNLP.framework/Versions/A/CoreNLP
0x00007fff5b8c2000 	/System/Library/PrivateFrameworks/MetadataUtilities.framework/Versions/A/MetadataUtilities
0x00007fff6aedf000 	/usr/lib/libmecabra.dylib
0x00007fff6ae37000 	/usr/lib/libmecab.dylib
0x00007fff6aa92000 	/usr/lib/libgermantok.dylib
0x00007fff69d5f000 	/usr/lib/libThaiTokenizer.dylib
0x00007fff69770000 	/usr/lib/libChineseTokenizer.dylib
0x00007fff3153b000 	/System/Library/Frameworks/Accelerate.framework/Versions/A/Frameworks/vImage.framework/Versions/A/vImage
0x00007fff327de000 	/System/Library/Frameworks/Accelerate.framework/Versions/A/Frameworks/vecLib.framework/Versions/A/vecLib
0x00007fff32722000 	/System/Library/Frameworks/Accelerate.framework/Versions/A/Frameworks/vecLib.framework/Versions/A/libvMisc.dylib
0x00007fff32548000 	/System/Library/Frameworks/Accelerate.framework/Versions/A/Frameworks/vecLib.framework/Versions/A/libvDSP.dylib
0x00007fff31ba7000 	/System/Library/Frameworks/Accelerate.framework/Versions/A/Frameworks/vecLib.framework/Versions/A/libBLAS.dylib
0x00007fff32102000 	/System/Library/Frameworks/Accelerate.framework/Versions/A/Frameworks/vecLib.framework/Versions/A/libLAPACK.dylib
0x00007fff324a8000 	/System/Library/Frameworks/Accelerate.framework/Versions/A/Frameworks/vecLib.framework/Versions/A/libLinearAlgebra.dylib
0x00007fff32535000 	/System/Library/Frameworks/Accelerate.framework/Versions/A/Frameworks/vecLib.framework/Versions/A/libSparseBLAS.dylib
0x00007fff324be000 	/System/Library/Frameworks/Accelerate.framework/Versions/A/Frameworks/vecLib.framework/Versions/A/libQuadrature.dylib
0x00007fff31e11000 	/System/Library/Frameworks/Accelerate.framework/Versions/A/Frameworks/vecLib.framework/Versions/A/libBNNS.dylib
0x00007fff324c4000 	/System/Library/Frameworks/Accelerate.framework/Versions/A/Frameworks/vecLib.framework/Versions/A/libSparse.dylib
0x00007fff5a445000 	/System/Library/PrivateFrameworks/LanguageModeling.framework/Versions/A/LanguageModeling
0x00007fff4d010000 	/System/Library/PrivateFrameworks/CoreEmoji.framework/Versions/A/CoreEmoji
0x00007fff5a563000 	/System/Library/PrivateFrameworks/LinguisticData.framework/Versions/A/LinguisticData
0x00007fff5a514000 	/System/Library/PrivateFrameworks/Lexicon.framework/Versions/A/Lexicon
0x00007fff6a01f000 	/usr/lib/libcmph.dylib
0x00007fff3ea60000 	/System/Library/Frameworks/OpenDirectory.framework/Versions/A/Frameworks/CFOpenDirectory.framework/Versions/A/CFOpenDirectory
0x00007fff3ea7d000 	/System/Library/Frameworks/OpenDirectory.framework/Versions/A/OpenDirectory
0x00007fff46d4a000 	/System/Library/PrivateFrameworks/APFS.framework/Versions/A/APFS
0x00007fff42126000 	/System/Library/Frameworks/SecurityFoundation.framework/Versions/A/SecurityFoundation
0x00007fff6c0da000 	/usr/lib/libutil.dylib
0x00007fff4e2fd000 	/System/Library/PrivateFrameworks/CoreServicesStore.framework/Versions/A/CoreServicesStore
0x00007fff421de000 	/System/Library/Frameworks/ServiceManagement.framework/Versions/A/ServiceManagement
0x00007fff4a240000 	/System/Library/PrivateFrameworks/BackgroundTaskManagement.framework/Versions/A/BackgroundTaskManagement
0x00007fff6c1d7000 	/usr/lib/libxslt.1.dylib
0x00007fff490ee000 	/System/Library/PrivateFrameworks/AppleSystemInfo.framework/Versions/A/AppleSystemInfo
0x00007fff388c9000 	/System/Library/Frameworks/ImageIO.framework/Versions/A/Resources/libJPEG.dylib
0x00007fff38b88000 	/System/Library/Frameworks/ImageIO.framework/Versions/A/Resources/libTIFF.dylib
0x00007fff38b6b000 	/System/Library/Frameworks/ImageIO.framework/Versions/A/Resources/libPng.dylib
0x00007fff3880a000 	/System/Library/Frameworks/ImageIO.framework/Versions/A/Resources/libGIF.dylib
0x00007fff3880e000 	/System/Library/Frameworks/ImageIO.framework/Versions/A/Resources/libJP2.dylib
0x00007fff38b86000 	/System/Library/Frameworks/ImageIO.framework/Versions/A/Resources/libRadiance.dylib
0x00007fff6aa5a000 	/usr/lib/libexpat.1.dylib
0x00007fff48be4000 	/System/Library/PrivateFrameworks/AppleJPEG.framework/Versions/A/AppleJPEG
0x00007fff51577000 	/System/Library/PrivateFrameworks/FontServices.framework/libFontParser.dylib
0x00007fff6842c000 	/System/Library/PrivateFrameworks/WatchdogClient.framework/Versions/A/WatchdogClient
0x00007fff59ad2000 	/System/Library/PrivateFrameworks/IOAccelerator.framework/Versions/A/IOAccelerator
0x00007fff3af47000 	/System/Library/Frameworks/MetalPerformanceShaders.framework/Versions/A/MetalPerformanceShaders
0x00007fff562c5000 	/System/Library/PrivateFrameworks/GPUWrangler.framework/Versions/A/GPUWrangler
0x00007fff59add000 	/System/Library/PrivateFrameworks/IOPresentment.framework/Versions/A/IOPresentment
0x00007fff4efe5000 	/System/Library/PrivateFrameworks/DSExternalDisplay.framework/Versions/A/DSExternalDisplay
0x00007fff3f3e6000 	/System/Library/Frameworks/OpenGL.framework/Versions/A/Libraries/libCoreFSCache.dylib
0x00007fff3ac99000 	/System/Library/Frameworks/MetalPerformanceShaders.framework/Frameworks/MPSCore.framework/Versions/A/MPSCore
0x00007fff3acd6000 	/System/Library/Frameworks/MetalPerformanceShaders.framework/Frameworks/MPSImage.framework/Versions/A/MPSImage
0x00007fff3ad98000 	/System/Library/Frameworks/MetalPerformanceShaders.framework/Frameworks/MPSNeuralNetwork.framework/Versions/A/MPSNeuralNetwork
0x00007fff3ad5d000 	/System/Library/Frameworks/MetalPerformanceShaders.framework/Frameworks/MPSMatrix.framework/Versions/A/MPSMatrix
0x00007fff3aef8000 	/System/Library/Frameworks/MetalPerformanceShaders.framework/Frameworks/MPSRayIntersector.framework/Versions/A/MPSRayIntersector
0x00007fff3ad82000 	/System/Library/Frameworks/MetalPerformanceShaders.framework/Frameworks/MPSNDArray.framework/Versions/A/MPSNDArray
0x00007fff5b90f000 	/System/Library/PrivateFrameworks/MetalTools.framework/Versions/A/MetalTools
0x00007fff47f0f000 	/System/Library/PrivateFrameworks/AggregateDictionary.framework/Versions/A/AggregateDictionary
0x00007fff4ca9a000 	/System/Library/PrivateFrameworks/CoreAnalytics.framework/Versions/A/CoreAnalytics
0x00007fff4900c000 	/System/Library/PrivateFrameworks/AppleSauce.framework/Versions/A/AppleSauce
0x00007fff69a2c000 	/usr/lib/libIOReport.dylib
0x00007fff37797000 	/System/Library/Frameworks/CoreVideo.framework/Versions/A/CoreVideo
0x00007fff57733000 	/System/Library/PrivateFrameworks/GraphVisualizer.framework/Versions/A/GraphVisualizer
0x00007fff50af8000 	/System/Library/PrivateFrameworks/FaceCore.framework/Versions/A/FaceCore
0x00007fff3ea07000 	/System/Library/Frameworks/OpenCL.framework/Versions/A/OpenCL
0x00007fff6984e000 	/usr/lib/libFosl_dynamic.dylib
0x00007fff5cdbd000 	/System/Library/PrivateFrameworks/OTSVG.framework/Versions/A/OTSVG
0x00007fff33894000 	/System/Library/Frameworks/ApplicationServices.framework/Versions/A/Frameworks/ATS.framework/Versions/A/Resources/libFontRegistry.dylib
0x00007fff51748000 	/System/Library/PrivateFrameworks/FontServices.framework/libhvf.dylib
0x00007fff3f3f1000 	/System/Library/Frameworks/OpenGL.framework/Versions/A/Libraries/libGFXShared.dylib
0x00007fff3f5ce000 	/System/Library/Frameworks/OpenGL.framework/Versions/A/Libraries/libGLU.dylib
0x00007fff3f3fa000 	/System/Library/Frameworks/OpenGL.framework/Versions/A/Libraries/libGL.dylib
0x00007fff3f405000 	/System/Library/Frameworks/OpenGL.framework/Versions/A/Libraries/libGLImage.dylib
0x00007fff3f3e3000 	/System/Library/Frameworks/OpenGL.framework/Versions/A/Libraries/libCVMSPluginSupport.dylib
0x00007fff3f3ec000 	/System/Library/Frameworks/OpenGL.framework/Versions/A/Libraries/libCoreVMClient.dylib
0x00007fff6b4b1000 	/usr/lib/libncurses.5.4.dylib
0x00007fff33790000 	/System/Library/Frameworks/ApplicationServices.framework/Versions/A/Frameworks/ATS.framework/Versions/A/ATS
0x00007fff3395d000 	/System/Library/Frameworks/ApplicationServices.framework/Versions/A/Frameworks/ColorSyncLegacy.framework/Versions/A/ColorSyncLegacy
0x00007fff339fc000 	/System/Library/Frameworks/ApplicationServices.framework/Versions/A/Frameworks/HIServices.framework/Versions/A/HIServices
0x00007fff33a53000 	/System/Library/Frameworks/ApplicationServices.framework/Versions/A/Frameworks/LangAnalysis.framework/Versions/A/LangAnalysis
0x00007fff33a62000 	/System/Library/Frameworks/ApplicationServices.framework/Versions/A/Frameworks/PrintCore.framework/Versions/A/PrintCore
0x00007fff33aa8000 	/System/Library/Frameworks/ApplicationServices.framework/Versions/A/Frameworks/QD.framework/Versions/A/QD
0x00007fff33ab3000 	/System/Library/Frameworks/ApplicationServices.framework/Versions/A/Frameworks/SpeechSynthesis.framework/Versions/A/SpeechSynthesis
0x00007fff3392d000 	/System/Library/Frameworks/ApplicationServices.framework/Versions/A/Frameworks/ATSUI.framework/Versions/A/ATSUI
0x00007fff6a8ee000 	/usr/lib/libcups.2.dylib
0x00007fff39ff6000 	/System/Library/Frameworks/Kerberos.framework/Versions/A/Kerberos
0x00007fff38276000 	/System/Library/Frameworks/GSS.framework/Versions/A/GSS
0x00007fff6bc27000 	/usr/lib/libresolv.9.dylib
0x00007fff578d4000 	/System/Library/PrivateFrameworks/Heimdal.framework/Versions/A/Heimdal
0x00007fff3a009000 	/System/Library/Frameworks/Kerberos.framework/Versions/A/Libraries/libHeimdalProxy.dylib
0x00007fff6aa98000 	/usr/lib/libheimdal-asn1.dylib
0x00007fff4bf40000 	/System/Library/PrivateFrameworks/CommonAuth.framework/Versions/A/CommonAuth
0x00007fff4918b000 	/System/Library/PrivateFrameworks/AssertionServices.framework/Versions/A/AssertionServices
0x00007fff49d2e000 	/System/Library/PrivateFrameworks/AudioToolboxCore.framework/Versions/A/AudioToolboxCore
0x00007fff69086000 	/System/Library/PrivateFrameworks/caulk.framework/Versions/A/caulk
0x00007fff4a2ec000 	/System/Library/PrivateFrameworks/BaseBoard.framework/Versions/A/BaseBoard
0x00007fff60ee2000 	/System/Library/PrivateFrameworks/RunningBoardServices.framework/Versions/A/RunningBoardServices
0x00007fff5dfab000 	/System/Library/PrivateFrameworks/PersistentConnection.framework/Versions/A/PersistentConnection
0x00007fff60931000 	/System/Library/PrivateFrameworks/ProtocolBuffer.framework/Versions/A/ProtocolBuffer
0x00007fff4bf65000 	/System/Library/PrivateFrameworks/CommonUtilities.framework/Versions/A/CommonUtilities
0x00007fff4a46f000 	/System/Library/PrivateFrameworks/Bom.framework/Versions/A/Bom
0x00007fff696fb000 	/usr/lib/libAudioToolboxUtility.dylib
0x00007fff4a24a000 	/System/Library/PrivateFrameworks/Backup.framework/Versions/A/Backup
0x00007fff4ed55000 	/System/Library/PrivateFrameworks/CrashReporterSupport.framework/Versions/A/CrashReporterSupport
0x00007fff629de000 	/System/Library/PrivateFrameworks/Sharing.framework/Versions/A/Sharing
0x00007fff4892f000 	/System/Library/PrivateFrameworks/Apple80211.framework/Versions/A/Apple80211
0x00007fff49f6c000 	/System/Library/PrivateFrameworks/AuthKit.framework/Versions/A/AuthKit
0x00007fff4ea85000 	/System/Library/PrivateFrameworks/CoreUtils.framework/Versions/A/CoreUtils
0x00007fff377dc000 	/System/Library/Frameworks/CoreWLAN.framework/Versions/A/CoreWLAN
0x00007fff38402000 	/System/Library/Frameworks/IOBluetooth.framework/Versions/A/IOBluetooth
0x00007fff5bc0d000 	/System/Library/PrivateFrameworks/MobileKeyBag.framework/Versions/A/MobileKeyBag
0x00007fff4db50000 	/System/Library/PrivateFrameworks/CorePhoneNumbers.framework/Versions/A/CorePhoneNumbers
0x00007fff48b97000 	/System/Library/PrivateFrameworks/AppleIDAuthSupport.framework/Versions/A/AppleIDAuthSupport
0x00007fff3be9b000 	/System/Library/Frameworks/Network.framework/Versions/A/Network
0x00007fff5a2cd000 	/System/Library/PrivateFrameworks/KeychainCircle.framework/Versions/A/KeychainCircle
0x00007fff35250000 	/System/Library/Frameworks/CoreBluetooth.framework/Versions/A/CoreBluetooth
0x00007fff6465a000 	/System/Library/PrivateFrameworks/SpeechRecognitionCore.framework/Versions/A/SpeechRecognitionCore
0x0000000101e00000 	/Library/Java/JavaVirtualMachines/jdk-13.jdk/Contents/Home/lib/server/libjvm.dylib
0x0000000101583000 	/Library/Java/JavaVirtualMachines/jdk-13.jdk/Contents/Home/lib/libverify.dylib
0x000000010158f000 	/Library/Java/JavaVirtualMachines/jdk-13.jdk/Contents/Home/lib/libjava.dylib
0x0000000102be1000 	/Library/Java/JavaVirtualMachines/jdk-13.jdk/Contents/Home/lib/libjdwp.dylib
0x00000001015cd000 	/Library/Java/JavaVirtualMachines/jdk-13.jdk/Contents/Home/lib/libinstrument.dylib
0x00000001015df000 	/Library/Java/JavaVirtualMachines/jdk-13.jdk/Contents/Home/lib/libzip.dylib
0x00000001015e6000 	/Library/Java/JavaVirtualMachines/jdk-13.jdk/Contents/Home/lib/libjimage.dylib
0x0000000104c23000 	/Library/Java/JavaVirtualMachines/jdk-13.jdk/Contents/Home/lib/libdt_socket.dylib
0x0000000104ce6000 	/Library/Java/JavaVirtualMachines/jdk-13.jdk/Contents/Home/lib/libnio.dylib
0x0000000104cf4000 	/Library/Java/JavaVirtualMachines/jdk-13.jdk/Contents/Home/lib/libnet.dylib
0x00000001015fd000 	/Library/Java/JavaVirtualMachines/jdk-13.jdk/Contents/Home/lib/libextnet.dylib


VM Arguments:
jvm_args: -agentlib:jdwp=transport=dt_socket,suspend=y,address=localhost:64972 -ea -javaagent:/Applications/Eclipse.app/Contents/Eclipse/configuration/org.eclipse.osgi/771/0/.cp/lib/javaagent-shaded.jar -Dfile.encoding=UTF-8 
java_command: org.eclipse.jdt.internal.junit.runner.RemoteTestRunner -version 3 -port 64971 -testLoaderClass org.eclipse.jdt.internal.junit4.runner.JUnit4TestLoader -loaderpluginname org.eclipse.jdt.junit4.runtime -classNames testrunners.TestRunner
java_class_path (initial): /Users/deniz/Documents/eclipse-workspace/v5/target/test-classes:/Users/deniz/Documents/eclipse-workspace/v5/target/classes:/Users/deniz/Documents/eclipse-workspace/v5/lib/cucumber-junit-4.3.1.jar:/Users/deniz/.m2/repository/io/cucumber/cucumber-java/4.3.1/cucumber-java-4.3.1.jar:/Users/deniz/.m2/repository/io/cucumber/cucumber-core/4.3.1/cucumber-core-4.3.1.jar:/Users/deniz/.m2/repository/io/cucumber/cucumber-html/0.2.7/cucumber-html-0.2.7.jar:/Users/deniz/.m2/repository/io/cucumber/gherkin/5.1.0/gherkin-5.1.0.jar:/Users/deniz/.m2/repository/io/cucumber/tag-expressions/1.1.1/tag-expressions-1.1.1.jar:/Users/deniz/.m2/repository/io/cucumber/cucumber-expressions/6.2.2/cucumber-expressions-6.2.2.jar:/Users/deniz/.m2/repository/io/cucumber/datatable/1.1.12/datatable-1.1.12.jar:/Users/deniz/.m2/repository/io/cucumber/datatable-dependencies/1.1.12/datatable-dependencies-1.1.12.jar:/Users/deniz/.m2/repository/io/cucumber/cucumber-junit/4.3.1/cucumber-junit-4.3.1.jar:/Users/deniz/.m2/repository/junit/junit/4.12/junit-4.12.jar:/Users/deniz/.m2/repository/org/hamcrest/hamcrest-core/1.3/hamcrest-core-1.3.jar:/Applications/Eclipse.app/Contents/Eclipse/configuration/org.eclipse.osgi/769/0/.cp:/Applications/Eclipse.app/Contents/Eclipse/configuration/org.eclipse.osgi/768/0/.cp
Launcher Type: SUN_STANDARD

[Global flags]
     intx CICompilerCount                          = 3                                         {product} {ergonomic}
     uint ConcGCThreads                            = 1                                         {product} {ergonomic}
     uint G1ConcRefinementThreads                  = 4                                         {product} {ergonomic}
   size_t G1HeapRegionSize                         = 1048576                                   {product} {ergonomic}
    uintx GCDrainStackTargetSize                   = 64                                        {product} {ergonomic}
   size_t InitialHeapSize                          = 134217728                                 {product} {ergonomic}
   size_t MarkStackSize                            = 4194304                                   {product} {ergonomic}
   size_t MaxHeapSize                              = 2147483648                                {product} {ergonomic}
   size_t MaxNewSize                               = 1287651328                                {product} {ergonomic}
   size_t MinHeapDeltaBytes                        = 1048576                                   {product} {ergonomic}
   size_t MinHeapSize                              = 8388608                                   {product} {ergonomic}
    uintx NonNMethodCodeHeapSize                   = 5830732                                {pd product} {ergonomic}
    uintx NonProfiledCodeHeapSize                  = 122913754                              {pd product} {ergonomic}
    uintx ProfiledCodeHeapSize                     = 122913754                              {pd product} {ergonomic}
    uintx ReservedCodeCacheSize                    = 251658240                              {pd product} {ergonomic}
     bool SegmentedCodeCache                       = true                                      {product} {ergonomic}
   size_t SoftMaxHeapSize                          = 2147483648                             {manageable} {ergonomic}
     bool UseCompressedClassPointers               = true                                 {lp64_product} {ergonomic}
     bool UseCompressedOops                        = true                                 {lp64_product} {ergonomic}
     bool UseG1GC                                  = true                                      {product} {ergonomic}

Logging:
Log output configuration:
 #0: stdout all=warning uptime,level,tags
 #1: stderr all=off uptime,level,tags

Environment Variables:
PATH=/usr/bin:/bin:/usr/sbin:/sbin
SHELL=/bin/zsh

Signal Handlers:
SIGSEGV: [libjvm.dylib+0x781750], sa_mask[0]=11111111011111110111111111111111, sa_flags=SA_ONSTACK|SA_RESTART|SA_SIGINFO
SIGBUS: [libjvm.dylib+0x781750], sa_mask[0]=11111111011111110111111111111111, sa_flags=SA_RESTART|SA_SIGINFO
SIGFPE: [libjvm.dylib+0x781750], sa_mask[0]=11111111011111110111111111111111, sa_flags=SA_RESTART|SA_SIGINFO
SIGPIPE: [libjvm.dylib+0x62815d], sa_mask[0]=11111111011111110111111111111111, sa_flags=SA_RESTART|SA_SIGINFO
SIGXFSZ: [libjvm.dylib+0x62815d], sa_mask[0]=11111111011111110111111111111111, sa_flags=SA_RESTART|SA_SIGINFO
SIGILL: [libjvm.dylib+0x781750], sa_mask[0]=11111111011111110111111111111111, sa_flags=SA_RESTART|SA_SIGINFO
SIGUSR2: [libjvm.dylib+0x628747], sa_mask[0]=00100000000000000000000000000000, sa_flags=SA_RESTART|SA_SIGINFO
SIGHUP: [libjvm.dylib+0x627735], sa_mask[0]=11111111011111110111111111111111, sa_flags=SA_RESTART|SA_SIGINFO
SIGINT: [libjvm.dylib+0x627735], sa_mask[0]=11111111011111110111111111111111, sa_flags=SA_RESTART|SA_SIGINFO
SIGTERM: [libjvm.dylib+0x627735], sa_mask[0]=11111111011111110111111111111111, sa_flags=SA_RESTART|SA_SIGINFO
SIGQUIT: [libjvm.dylib+0x627735], sa_mask[0]=11111111011111110111111111111111, sa_flags=SA_RESTART|SA_SIGINFO


---------------  S Y S T E M  ---------------

OS:uname:Darwin 19.3.0 Darwin Kernel Version 19.3.0: Thu Jan  9 20:58:23 PST 2020; root:xnu-6153.81.5~1/RELEASE_X86_64 x86_64
rlimit: STACK 8192k, CORE 0k, NPROC 1392, NOFILE 10240, AS infinity, DATA infinity, FSIZE infinity
load average:3.82 1.89 1.55

CPU:total 4 (initial active 4) (2 cores per cpu, 2 threads per core) family 6 model 142 stepping 9, cmov, cx8, fxsr, mmx, sse, sse2, sse3, ssse3, sse4.1, sse4.2, popcnt, avx, avx2, aes, clmul, erms, rtm, 3dnowpref, lzcnt, ht, tsc, tscinvbit, bmi1, bmi2, adx, fma

Memory: 4k page, physical 8388608k(116188k free), swap 2097152k(1523712k free)

vm_info: Java HotSpot(TM) 64-Bit Server VM (13+33) for bsd-amd64 JRE (13+33), built on Sep 18 2019 20:37:30 by "mach5one" with clang 4.2.1 Compatible Apple LLVM 10.0.0 (clang-1000.11.45.5)

END.
